<html>
<head>
<title>TestNG:  TRM App Test Cases</title>
<link href="../testng.css" rel="stylesheet" type="text/css" />
<link href="../my-testng.css" rel="stylesheet" type="text/css" />

<style type="text/css">
.log { display: none;} 
.stack-trace { display: none;} 
</style>
<script type="text/javascript">
<!--
function flip(e) {
  current = e.style.display;
  if (current == 'block') {
    e.style.display = 'none';
    return 0;
  }
  else {
    e.style.display = 'block';
    return 1;
  }
}

function toggleBox(szDivId, elem, msg1, msg2)
{
  var res = -1;  if (document.getElementById) {
    res = flip(document.getElementById(szDivId));
  }
  else if (document.all) {
    // this is the way old msie versions work
    res = flip(document.all[szDivId]);
  }
  if(elem) {
    if(res == 0) elem.innerHTML = msg1; else elem.innerHTML = msg2;
  }

}

function toggleAllBoxes() {
  if (document.getElementsByTagName) {
    d = document.getElementsByTagName('div');
    for (i = 0; i < d.length; i++) {
      if (d[i].className == 'log') {
        flip(d[i]);
      }
    }
  }
}

// -->
</script>

</head>
<body>
<h2 align='center'>TRM App Test Cases</h2><table border='1' align="center">
<tr>
<td>Tests passed/Failed/Skipped:</td><td>0/0/7</td>
</tr><tr>
<td>Started on:</td><td>Thu Nov 01 17:14:30 IST 2018</td>
</tr>
<tr><td>Total time:</td><td>53 seconds (53928 ms)</td>
</tr><tr>
<td>Included groups:</td><td></td>
</tr><tr>
<td>Excluded groups:</td><td></td>
</tr>
</table><p/>
<small><i>(Hover the method name to see the test class name)</i></small><p/>
<table width='100%' border='1' class='invocation-failed'>
<tr><td colspan='4' align='center'><b>FAILED CONFIGURATIONS</b></td></tr>
<tr><td><b>Test method</b></td>
<td width="30%"><b>Exception</b></td>
<td width="10%"><b>Time (seconds)</b></td>
<td><b>Instance</b></td>
</tr>
<tr>
<td title='tvd.trm.qa.testcases.Homepagetest.setup()'><b>setup</b><br>Test class: tvd.trm.qa.testcases.Homepagetest</td>
<td><div><pre>org.openqa.selenium.TimeoutException: timeout
  (Session info: chrome=69.0.3497.100)
  (Driver info: chromedriver=2.41.578737 (49da6702b16031c40d63e5618de03a32ff6c197e),platform=Windows NT 10.0.17134 x86_64) (WARNING: The server did not provide any stacktrace information)
Command duration or timeout: 20.01 seconds
Build info: version: &apos;2.53.1&apos;, revision: &apos;a36b8b1&apos;, time: &apos;2016-06-30 17:32:46&apos;
System info: host: &apos;DESKTOP-7PFURVE&apos;, ip: &apos;192.168.100.19&apos;, os.name: &apos;Windows 8.1&apos;, os.arch: &apos;amd64&apos;, os.version: &apos;6.3&apos;, java.version: &apos;1.8.0_40&apos;
Driver info: org.openqa.selenium.chrome.ChromeDriver
Capabilities [{mobileEmulationEnabled=false, hasTouchScreen=false, platform=WIN8_1, acceptSslCerts=false, goog:chromeOptions={debuggerAddress=localhost:57926}, acceptInsecureCerts=false, webStorageEnabled=true, browserName=chrome, takesScreenshot=true, javascriptEnabled=true, setWindowRect=true, unexpectedAlertBehaviour=, applicationCacheEnabled=false, rotatable=false, networkConnectionEnabled=false, chrome={chromedriverVersion=2.41.578737 (49da6702b16031c40d63e5618de03a32ff6c197e), userDataDir=C:\Users\user1\AppData\Local\Temp\scoped_dir4260_30978}, takesHeapSnapshot=true, pageLoadStrategy=normal, databaseEnabled=false, handlesAlerts=true, version=69.0.3497.100, browserConnectionEnabled=false, nativeEvents=true, locationContextEnabled=true, cssSelectorsEnabled=true}]
Session ID: 51a3e408bc7e35927bdc0b4251faaf2d
	at org.openqa.selenium.remote.ErrorHandler.createThrowable(ErrorHandler.java:206)
	at org.openqa.selenium.remote.ErrorHandler.throwIfResponseFailed(ErrorHandler.java:158)
	at org.openqa.selenium.remote.RemoteWebDriver.execute(RemoteWebDriver.java:678)
	at org.openqa.selenium.remote.RemoteWebDriver.get(RemoteWebDriver.java:316)
	at tvd.trm.qa.base.Testbase.initialisation(Testbase.java:72)
	at tvd.trm.qa.testcases.Homepagetest.setup(Homepagetest.java:29)
... Removed 30 stack frames</pre></div><a href='#' onClick='toggleBox("stack-trace1898155970", this, "Click to show all stack frames", "Click to hide stack frames")'>Click to show all stack frames</a>
<div class='stack-trace' id='stack-trace1898155970'><pre>org.openqa.selenium.TimeoutException: timeout
  (Session info: chrome=69.0.3497.100)
  (Driver info: chromedriver=2.41.578737 (49da6702b16031c40d63e5618de03a32ff6c197e),platform=Windows NT 10.0.17134 x86_64) (WARNING: The server did not provide any stacktrace information)
Command duration or timeout: 20.01 seconds
Build info: version: &apos;2.53.1&apos;, revision: &apos;a36b8b1&apos;, time: &apos;2016-06-30 17:32:46&apos;
System info: host: &apos;DESKTOP-7PFURVE&apos;, ip: &apos;192.168.100.19&apos;, os.name: &apos;Windows 8.1&apos;, os.arch: &apos;amd64&apos;, os.version: &apos;6.3&apos;, java.version: &apos;1.8.0_40&apos;
Driver info: org.openqa.selenium.chrome.ChromeDriver
Capabilities [{mobileEmulationEnabled=false, hasTouchScreen=false, platform=WIN8_1, acceptSslCerts=false, goog:chromeOptions={debuggerAddress=localhost:57926}, acceptInsecureCerts=false, webStorageEnabled=true, browserName=chrome, takesScreenshot=true, javascriptEnabled=true, setWindowRect=true, unexpectedAlertBehaviour=, applicationCacheEnabled=false, rotatable=false, networkConnectionEnabled=false, chrome={chromedriverVersion=2.41.578737 (49da6702b16031c40d63e5618de03a32ff6c197e), userDataDir=C:\Users\user1\AppData\Local\Temp\scoped_dir4260_30978}, takesHeapSnapshot=true, pageLoadStrategy=normal, databaseEnabled=false, handlesAlerts=true, version=69.0.3497.100, browserConnectionEnabled=false, nativeEvents=true, locationContextEnabled=true, cssSelectorsEnabled=true}]
Session ID: 51a3e408bc7e35927bdc0b4251faaf2d
	at sun.reflect.NativeConstructorAccessorImpl.newInstance0(Native Method)
	at sun.reflect.NativeConstructorAccessorImpl.newInstance(Unknown Source)
	at sun.reflect.DelegatingConstructorAccessorImpl.newInstance(Unknown Source)
	at java.lang.reflect.Constructor.newInstance(Unknown Source)
	at org.openqa.selenium.remote.ErrorHandler.createThrowable(ErrorHandler.java:206)
	at org.openqa.selenium.remote.ErrorHandler.throwIfResponseFailed(ErrorHandler.java:158)
	at org.openqa.selenium.remote.RemoteWebDriver.execute(RemoteWebDriver.java:678)
	at org.openqa.selenium.remote.RemoteWebDriver.get(RemoteWebDriver.java:316)
	at tvd.trm.qa.base.Testbase.initialisation(Testbase.java:72)
	at tvd.trm.qa.testcases.Homepagetest.setup(Homepagetest.java:29)
	at sun.reflect.NativeMethodAccessorImpl.invoke0(Native Method)
	at sun.reflect.NativeMethodAccessorImpl.invoke(Unknown Source)
	at sun.reflect.DelegatingMethodAccessorImpl.invoke(Unknown Source)
	at java.lang.reflect.Method.invoke(Unknown Source)
	at org.testng.internal.MethodInvocationHelper.invokeMethod(MethodInvocationHelper.java:85)
	at org.testng.internal.Invoker.invokeConfigurationMethod(Invoker.java:510)
	at org.testng.internal.Invoker.invokeConfigurations(Invoker.java:211)
	at org.testng.internal.Invoker.invokeMethod(Invoker.java:585)
	at org.testng.internal.Invoker.invokeTestMethod(Invoker.java:816)
	at org.testng.internal.Invoker.invokeTestMethods(Invoker.java:1124)
	at org.testng.internal.TestMethodWorker.invokeTestMethods(TestMethodWorker.java:125)
	at org.testng.internal.TestMethodWorker.run(TestMethodWorker.java:108)
	at org.testng.TestRunner.privateRun(TestRunner.java:774)
	at org.testng.TestRunner.run(TestRunner.java:624)
	at org.testng.SuiteRunner.runTest(SuiteRunner.java:359)
	at org.testng.SuiteRunner.runSequentially(SuiteRunner.java:354)
	at org.testng.SuiteRunner.privateRun(SuiteRunner.java:312)
	at org.testng.SuiteRunner.run(SuiteRunner.java:261)
	at org.testng.SuiteRunnerWorker.runSuite(SuiteRunnerWorker.java:52)
	at org.testng.SuiteRunnerWorker.run(SuiteRunnerWorker.java:86)
	at org.testng.TestNG.runSuitesSequentially(TestNG.java:1215)
	at org.testng.TestNG.runSuitesLocally(TestNG.java:1140)
	at org.testng.TestNG.run(TestNG.java:1048)
	at org.testng.remote.AbstractRemoteTestNG.run(AbstractRemoteTestNG.java:114)
	at org.testng.remote.RemoteTestNG.initAndRun(RemoteTestNG.java:251)
	at org.testng.remote.RemoteTestNG.main(RemoteTestNG.java:77)
</pre></div></td>
<td>0</td>
<td>tvd.trm.qa.testcases.Homepagetest@464bee09</td></tr>
<tr>
<td title='tvd.trm.qa.testcases.Loginpagetest.setup()'><b>setup</b><br>Test class: tvd.trm.qa.testcases.Loginpagetest</td>
<td><div><pre>org.openqa.selenium.TimeoutException: timeout
  (Session info: chrome=69.0.3497.100)
  (Driver info: chromedriver=2.41.578737 (49da6702b16031c40d63e5618de03a32ff6c197e),platform=Windows NT 10.0.17134 x86_64) (WARNING: The server did not provide any stacktrace information)
Command duration or timeout: 20.02 seconds
Build info: version: &apos;2.53.1&apos;, revision: &apos;a36b8b1&apos;, time: &apos;2016-06-30 17:32:46&apos;
System info: host: &apos;DESKTOP-7PFURVE&apos;, ip: &apos;192.168.100.19&apos;, os.name: &apos;Windows 8.1&apos;, os.arch: &apos;amd64&apos;, os.version: &apos;6.3&apos;, java.version: &apos;1.8.0_40&apos;
Driver info: org.openqa.selenium.chrome.ChromeDriver
Capabilities [{mobileEmulationEnabled=false, hasTouchScreen=false, platform=WIN8_1, acceptSslCerts=false, goog:chromeOptions={debuggerAddress=localhost:57957}, acceptInsecureCerts=false, webStorageEnabled=true, browserName=chrome, takesScreenshot=true, javascriptEnabled=true, setWindowRect=true, unexpectedAlertBehaviour=, applicationCacheEnabled=false, rotatable=false, networkConnectionEnabled=false, chrome={chromedriverVersion=2.41.578737 (49da6702b16031c40d63e5618de03a32ff6c197e), userDataDir=C:\Users\user1\AppData\Local\Temp\scoped_dir5668_27575}, takesHeapSnapshot=true, pageLoadStrategy=normal, databaseEnabled=false, handlesAlerts=true, version=69.0.3497.100, browserConnectionEnabled=false, nativeEvents=true, locationContextEnabled=true, cssSelectorsEnabled=true}]
Session ID: 58fcd09814a3b97e753e2c399824b57d
	at org.openqa.selenium.remote.ErrorHandler.createThrowable(ErrorHandler.java:206)
	at org.openqa.selenium.remote.ErrorHandler.throwIfResponseFailed(ErrorHandler.java:158)
	at org.openqa.selenium.remote.RemoteWebDriver.execute(RemoteWebDriver.java:678)
	at org.openqa.selenium.remote.RemoteWebDriver.get(RemoteWebDriver.java:316)
	at tvd.trm.qa.base.Testbase.initialisation(Testbase.java:72)
	at tvd.trm.qa.testcases.Loginpagetest.setup(Loginpagetest.java:31)
... Removed 30 stack frames</pre></div><a href='#' onClick='toggleBox("stack-trace1110031167", this, "Click to show all stack frames", "Click to hide stack frames")'>Click to show all stack frames</a>
<div class='stack-trace' id='stack-trace1110031167'><pre>org.openqa.selenium.TimeoutException: timeout
  (Session info: chrome=69.0.3497.100)
  (Driver info: chromedriver=2.41.578737 (49da6702b16031c40d63e5618de03a32ff6c197e),platform=Windows NT 10.0.17134 x86_64) (WARNING: The server did not provide any stacktrace information)
Command duration or timeout: 20.02 seconds
Build info: version: &apos;2.53.1&apos;, revision: &apos;a36b8b1&apos;, time: &apos;2016-06-30 17:32:46&apos;
System info: host: &apos;DESKTOP-7PFURVE&apos;, ip: &apos;192.168.100.19&apos;, os.name: &apos;Windows 8.1&apos;, os.arch: &apos;amd64&apos;, os.version: &apos;6.3&apos;, java.version: &apos;1.8.0_40&apos;
Driver info: org.openqa.selenium.chrome.ChromeDriver
Capabilities [{mobileEmulationEnabled=false, hasTouchScreen=false, platform=WIN8_1, acceptSslCerts=false, goog:chromeOptions={debuggerAddress=localhost:57957}, acceptInsecureCerts=false, webStorageEnabled=true, browserName=chrome, takesScreenshot=true, javascriptEnabled=true, setWindowRect=true, unexpectedAlertBehaviour=, applicationCacheEnabled=false, rotatable=false, networkConnectionEnabled=false, chrome={chromedriverVersion=2.41.578737 (49da6702b16031c40d63e5618de03a32ff6c197e), userDataDir=C:\Users\user1\AppData\Local\Temp\scoped_dir5668_27575}, takesHeapSnapshot=true, pageLoadStrategy=normal, databaseEnabled=false, handlesAlerts=true, version=69.0.3497.100, browserConnectionEnabled=false, nativeEvents=true, locationContextEnabled=true, cssSelectorsEnabled=true}]
Session ID: 58fcd09814a3b97e753e2c399824b57d
	at sun.reflect.NativeConstructorAccessorImpl.newInstance0(Native Method)
	at sun.reflect.NativeConstructorAccessorImpl.newInstance(Unknown Source)
	at sun.reflect.DelegatingConstructorAccessorImpl.newInstance(Unknown Source)
	at java.lang.reflect.Constructor.newInstance(Unknown Source)
	at org.openqa.selenium.remote.ErrorHandler.createThrowable(ErrorHandler.java:206)
	at org.openqa.selenium.remote.ErrorHandler.throwIfResponseFailed(ErrorHandler.java:158)
	at org.openqa.selenium.remote.RemoteWebDriver.execute(RemoteWebDriver.java:678)
	at org.openqa.selenium.remote.RemoteWebDriver.get(RemoteWebDriver.java:316)
	at tvd.trm.qa.base.Testbase.initialisation(Testbase.java:72)
	at tvd.trm.qa.testcases.Loginpagetest.setup(Loginpagetest.java:31)
	at sun.reflect.NativeMethodAccessorImpl.invoke0(Native Method)
	at sun.reflect.NativeMethodAccessorImpl.invoke(Unknown Source)
	at sun.reflect.DelegatingMethodAccessorImpl.invoke(Unknown Source)
	at java.lang.reflect.Method.invoke(Unknown Source)
	at org.testng.internal.MethodInvocationHelper.invokeMethod(MethodInvocationHelper.java:85)
	at org.testng.internal.Invoker.invokeConfigurationMethod(Invoker.java:510)
	at org.testng.internal.Invoker.invokeConfigurations(Invoker.java:211)
	at org.testng.internal.Invoker.invokeMethod(Invoker.java:585)
	at org.testng.internal.Invoker.invokeTestMethod(Invoker.java:816)
	at org.testng.internal.Invoker.invokeTestMethods(Invoker.java:1124)
	at org.testng.internal.TestMethodWorker.invokeTestMethods(TestMethodWorker.java:125)
	at org.testng.internal.TestMethodWorker.run(TestMethodWorker.java:108)
	at org.testng.TestRunner.privateRun(TestRunner.java:774)
	at org.testng.TestRunner.run(TestRunner.java:624)
	at org.testng.SuiteRunner.runTest(SuiteRunner.java:359)
	at org.testng.SuiteRunner.runSequentially(SuiteRunner.java:354)
	at org.testng.SuiteRunner.privateRun(SuiteRunner.java:312)
	at org.testng.SuiteRunner.run(SuiteRunner.java:261)
	at org.testng.SuiteRunnerWorker.runSuite(SuiteRunnerWorker.java:52)
	at org.testng.SuiteRunnerWorker.run(SuiteRunnerWorker.java:86)
	at org.testng.TestNG.runSuitesSequentially(TestNG.java:1215)
	at org.testng.TestNG.runSuitesLocally(TestNG.java:1140)
	at org.testng.TestNG.run(TestNG.java:1048)
	at org.testng.remote.AbstractRemoteTestNG.run(AbstractRemoteTestNG.java:114)
	at org.testng.remote.RemoteTestNG.initAndRun(RemoteTestNG.java:251)
	at org.testng.remote.RemoteTestNG.main(RemoteTestNG.java:77)
</pre></div></td>
<td>0</td>
<td>tvd.trm.qa.testcases.Loginpagetest@f6c48ac</td></tr>
</table><p>
<table width='100%' border='1' class='invocation-skipped'>
<tr><td colspan='4' align='center'><b>SKIPPED CONFIGURATIONS</b></td></tr>
<tr><td><b>Test method</b></td>
<td width="30%"><b>Exception</b></td>
<td width="10%"><b>Time (seconds)</b></td>
<td><b>Instance</b></td>
</tr>
<tr>
<td title='tvd.trm.qa.testcases.Homepagetest.setup()'><b>setup</b><br>Test class: tvd.trm.qa.testcases.Homepagetest</td>
<td></td>
<td>0</td>
<td>tvd.trm.qa.testcases.Homepagetest@464bee09</td></tr>
<tr>
<td title='tvd.trm.qa.testcases.Homepagetest.setup()'><b>setup</b><br>Test class: tvd.trm.qa.testcases.Homepagetest</td>
<td></td>
<td>0</td>
<td>tvd.trm.qa.testcases.Homepagetest@464bee09</td></tr>
<tr>
<td title='tvd.trm.qa.testcases.Homepagetest.setup()'><b>setup</b><br>Test class: tvd.trm.qa.testcases.Homepagetest</td>
<td></td>
<td>0</td>
<td>tvd.trm.qa.testcases.Homepagetest@464bee09</td></tr>
<tr>
<td title='tvd.trm.qa.testcases.Loginpagetest.setup()'><b>setup</b><br>Test class: tvd.trm.qa.testcases.Loginpagetest</td>
<td></td>
<td>0</td>
<td>tvd.trm.qa.testcases.Loginpagetest@f6c48ac</td></tr>
<tr>
<td title='tvd.trm.qa.testcases.Loginpagetest.setup()'><b>setup</b><br>Test class: tvd.trm.qa.testcases.Loginpagetest</td>
<td></td>
<td>0</td>
<td>tvd.trm.qa.testcases.Loginpagetest@f6c48ac</td></tr>
<tr>
<td title='tvd.trm.qa.testcases.Homepagetest.teardown()'><b>teardown</b><br>Test class: tvd.trm.qa.testcases.Homepagetest</td>
<td></td>
<td>0</td>
<td>tvd.trm.qa.testcases.Homepagetest@464bee09</td></tr>
<tr>
<td title='tvd.trm.qa.testcases.Homepagetest.teardown()'><b>teardown</b><br>Test class: tvd.trm.qa.testcases.Homepagetest</td>
<td></td>
<td>0</td>
<td>tvd.trm.qa.testcases.Homepagetest@464bee09</td></tr>
<tr>
<td title='tvd.trm.qa.testcases.Homepagetest.teardown()'><b>teardown</b><br>Test class: tvd.trm.qa.testcases.Homepagetest</td>
<td></td>
<td>0</td>
<td>tvd.trm.qa.testcases.Homepagetest@464bee09</td></tr>
<tr>
<td title='tvd.trm.qa.testcases.Homepagetest.teardown()'><b>teardown</b><br>Test class: tvd.trm.qa.testcases.Homepagetest</td>
<td></td>
<td>0</td>
<td>tvd.trm.qa.testcases.Homepagetest@464bee09</td></tr>
<tr>
<td title='tvd.trm.qa.testcases.Loginpagetest.teardown()'><b>teardown</b><br>Test class: tvd.trm.qa.testcases.Loginpagetest</td>
<td></td>
<td>0</td>
<td>tvd.trm.qa.testcases.Loginpagetest@f6c48ac</td></tr>
<tr>
<td title='tvd.trm.qa.testcases.Loginpagetest.teardown()'><b>teardown</b><br>Test class: tvd.trm.qa.testcases.Loginpagetest</td>
<td></td>
<td>0</td>
<td>tvd.trm.qa.testcases.Loginpagetest@f6c48ac</td></tr>
<tr>
<td title='tvd.trm.qa.testcases.Loginpagetest.teardown()'><b>teardown</b><br>Test class: tvd.trm.qa.testcases.Loginpagetest</td>
<td></td>
<td>0</td>
<td>tvd.trm.qa.testcases.Loginpagetest@f6c48ac</td></tr>
</table><p>
<table width='100%' border='1' class='invocation-skipped'>
<tr><td colspan='4' align='center'><b>SKIPPED TESTS</b></td></tr>
<tr><td><b>Test method</b></td>
<td width="30%"><b>Exception</b></td>
<td width="10%"><b>Time (seconds)</b></td>
<td><b>Instance</b></td>
</tr>
<tr>
<td title='tvd.trm.qa.testcases.Homepagetest.companynamelable()'><b>companynamelable</b><br>Test class: tvd.trm.qa.testcases.Homepagetest</td>
<td></td>
<td>0</td>
<td>tvd.trm.qa.testcases.Homepagetest@464bee09</td></tr>
<tr>
<td title='tvd.trm.qa.testcases.Loginpagetest.loginpage()'><b>loginpage</b><br>Test class: tvd.trm.qa.testcases.Loginpagetest</td>
<td></td>
<td>0</td>
<td>tvd.trm.qa.testcases.Loginpagetest@f6c48ac</td></tr>
<tr>
<td title='tvd.trm.qa.testcases.Loginpagetest.loginpagetitletest()'><b>loginpagetitletest</b><br>Test class: tvd.trm.qa.testcases.Loginpagetest</td>
<td></td>
<td>0</td>
<td>tvd.trm.qa.testcases.Loginpagetest@f6c48ac</td></tr>
<tr>
<td title='tvd.trm.qa.testcases.Homepagetest.mousehover()'><b>mousehover</b><br>Test class: tvd.trm.qa.testcases.Homepagetest</td>
<td></td>
<td>0</td>
<td>tvd.trm.qa.testcases.Homepagetest@464bee09</td></tr>
<tr>
<td title='tvd.trm.qa.testcases.Homepagetest.subdivlabledisplay()'><b>subdivlabledisplay</b><br>Test class: tvd.trm.qa.testcases.Homepagetest</td>
<td></td>
<td>0</td>
<td>tvd.trm.qa.testcases.Homepagetest@464bee09</td></tr>
<tr>
<td title='tvd.trm.qa.testcases.Loginpagetest.trmlogoimagetest()'><b>trmlogoimagetest</b><br>Test class: tvd.trm.qa.testcases.Loginpagetest</td>
<td></td>
<td>0</td>
<td>tvd.trm.qa.testcases.Loginpagetest@f6c48ac</td></tr>
<tr>
<td title='tvd.trm.qa.testcases.Homepagetest.verifyloginpagetitletest()'><b>verifyloginpagetitletest</b><br>Test class: tvd.trm.qa.testcases.Homepagetest</td>
<td></td>
<td>0</td>
<td>tvd.trm.qa.testcases.Homepagetest@464bee09</td></tr>
</table><p>
</body>
</html>